0 info it worked if it ends with ok
1 verbose cli [ '/home/kokoc/.nvm/versions/node/v6.2.0/bin/node',
1 verbose cli   '/home/kokoc/.nvm/versions/node/v6.2.0/bin/npm',
1 verbose cli   'start' ]
2 info using npm@3.8.9
3 info using node@v6.2.0
4 verbose stack Error: Failed to parse json
4 verbose stack Unexpected token 'w' at 9:20
4 verbose stack     "postinstall: "webpack -p",
4 verbose stack                    ^
4 verbose stack     at parseError (/home/kokoc/.nvm/versions/node/v6.2.0/lib/node_modules/npm/node_modules/read-package-json/read-json.js:390:11)
4 verbose stack     at parseJson (/home/kokoc/.nvm/versions/node/v6.2.0/lib/node_modules/npm/node_modules/read-package-json/read-json.js:79:23)
4 verbose stack     at /home/kokoc/.nvm/versions/node/v6.2.0/lib/node_modules/npm/node_modules/read-package-json/read-json.js:48:5
4 verbose stack     at /home/kokoc/.nvm/versions/node/v6.2.0/lib/node_modules/npm/node_modules/graceful-fs/graceful-fs.js:78:16
4 verbose stack     at tryToString (fs.js:449:3)
4 verbose stack     at FSReqWrap.readFileAfterClose [as oncomplete] (fs.js:436:12)
5 verbose cwd /home/kokoc/protozoo
6 error Linux 4.4.0-42-generic
7 error argv "/home/kokoc/.nvm/versions/node/v6.2.0/bin/node" "/home/kokoc/.nvm/versions/node/v6.2.0/bin/npm" "start"
8 error node v6.2.0
9 error npm  v3.8.9
10 error file /home/kokoc/protozoo/package.json
11 error code EJSONPARSE
12 error Failed to parse json
12 error Unexpected token 'w' at 9:20
12 error     "postinstall: "webpack -p",
12 error                    ^
13 error File: /home/kokoc/protozoo/package.json
14 error Failed to parse package.json data.
14 error package.json must be actual JSON, not just JavaScript.
14 error
14 error This is not a bug in npm.
14 error Tell the package author to fix their package.json file. JSON.parse
15 verbose exit [ 1, true ]
